# Logfile created on 2013-08-30 16:58:57 -0700 by logger.rb/31641
D, [2013-08-30T16:58:57.886788 #10800] DEBUG -- : REQUESTING PAGE: GET / with {} and HTTP headers {}
D, [2013-08-30T17:00:18.495398 #11228] DEBUG -- : REQUESTING PAGE: GET / with {} and HTTP headers {}
D, [2013-08-30T17:00:18.507399 #11228] DEBUG -- : REQUESTING PAGE: GET /about with {} and HTTP headers {"HTTP_REFERER"=>"/"}
D, [2013-08-30T17:00:18.544401 #11228] DEBUG -- : REQUESTING PAGE: GET /contact with {} and HTTP headers {"HTTP_REFERER"=>"/about"}
D, [2013-08-30T17:00:18.554402 #11228] DEBUG -- : REQUESTING PAGE: GET / with {} and HTTP headers {"HTTP_REFERER"=>"/contact"}
D, [2013-08-30T17:00:18.566402 #11228] DEBUG -- : REQUESTING PAGE: GET /signup with {} and HTTP headers {"HTTP_REFERER"=>"/"}
D, [2013-08-30T17:09:35.351249 #10636] DEBUG -- : REQUESTING PAGE: GET / with {} and HTTP headers {}
D, [2013-08-30T17:09:35.364249 #10636] DEBUG -- : REQUESTING PAGE: GET /about with {} and HTTP headers {"HTTP_REFERER"=>"/"}
D, [2013-08-30T17:09:35.381250 #10636] DEBUG -- : REQUESTING PAGE: GET /contact with {} and HTTP headers {"HTTP_REFERER"=>"/about"}
D, [2013-08-30T17:09:35.392251 #10636] DEBUG -- : REQUESTING PAGE: GET / with {} and HTTP headers {"HTTP_REFERER"=>"/contact"}
D, [2013-08-30T17:09:35.404252 #10636] DEBUG -- : REQUESTING PAGE: GET /signup with {} and HTTP headers {"HTTP_REFERER"=>"/"}
D, [2013-09-03T12:50:31.659041 #6820] DEBUG -- : REQUESTING PAGE: GET / with {} and HTTP headers {}
D, [2013-09-03T12:53:54.282630 #7448] DEBUG -- : REQUESTING PAGE: GET / with {} and HTTP headers {}
D, [2013-09-03T12:53:54.319632 #7448] DEBUG -- : REQUESTING PAGE: GET /about with {} and HTTP headers {"HTTP_REFERER"=>"/"}
D, [2013-09-03T12:53:54.342634 #7448] DEBUG -- : REQUESTING PAGE: GET /contact with {} and HTTP headers {"HTTP_REFERER"=>"/about"}
D, [2013-09-03T12:53:54.354634 #7448] DEBUG -- : REQUESTING PAGE: GET / with {} and HTTP headers {"HTTP_REFERER"=>"/contact"}
D, [2013-09-03T12:53:54.366635 #7448] DEBUG -- : REQUESTING PAGE: GET /signup with {} and HTTP headers {"HTTP_REFERER"=>"/"}
D, [2013-09-03T12:56:01.802924 #2160] DEBUG -- : REQUESTING PAGE: GET / with {} and HTTP headers {}
D, [2013-09-03T12:56:01.815925 #2160] DEBUG -- : REQUESTING PAGE: GET /about with {} and HTTP headers {"HTTP_REFERER"=>"/"}
D, [2013-09-03T12:56:01.827925 #2160] DEBUG -- : REQUESTING PAGE: GET /contact with {} and HTTP headers {"HTTP_REFERER"=>"/about"}
D, [2013-09-03T12:56:01.838926 #2160] DEBUG -- : REQUESTING PAGE: GET / with {} and HTTP headers {"HTTP_REFERER"=>"/contact"}
D, [2013-09-03T12:56:01.848926 #2160] DEBUG -- : REQUESTING PAGE: GET /signup with {} and HTTP headers {"HTTP_REFERER"=>"/"}
